mode: atomic
github.com/Akicou/hf-local-hub/server/storage/storage.go:19.64,25.2 1 6
github.com/Akicou/hf-local-hub/server/storage/storage.go:27.51,28.18 1 1
github.com/Akicou/hf-local-hub/server/storage/storage.go:29.17,30.24 1 0
github.com/Akicou/hf-local-hub/server/storage/storage.go:31.15,32.22 1 0
github.com/Akicou/hf-local-hub/server/storage/storage.go:33.10,34.22 1 1
github.com/Akicou/hf-local-hub/server/storage/storage.go:38.69,41.2 2 1
github.com/Akicou/hf-local-hub/server/storage/storage.go:43.83,45.2 1 0
github.com/Akicou/hf-local-hub/server/storage/storage.go:48.89,52.9 3 0
github.com/Akicou/hf-local-hub/server/storage/storage.go:52.9,55.3 1 0
github.com/Akicou/hf-local-hub/server/storage/storage.go:56.2,56.17 1 0
github.com/Akicou/hf-local-hub/server/storage/storage.go:61.65,63.100 1 5
github.com/Akicou/hf-local-hub/server/storage/storage.go:63.100,65.3 1 1
github.com/Akicou/hf-local-hub/server/storage/storage.go:68.2,71.39 2 4
github.com/Akicou/hf-local-hub/server/storage/storage.go:71.39,73.3 1 1
github.com/Akicou/hf-local-hub/server/storage/storage.go:76.2,77.16 2 3
github.com/Akicou/hf-local-hub/server/storage/storage.go:77.16,79.3 1 0
github.com/Akicou/hf-local-hub/server/storage/storage.go:82.2,83.16 2 3
github.com/Akicou/hf-local-hub/server/storage/storage.go:83.16,85.3 1 0
github.com/Akicou/hf-local-hub/server/storage/storage.go:88.2,88.89 1 3
github.com/Akicou/hf-local-hub/server/storage/storage.go:88.89,90.3 1 0
github.com/Akicou/hf-local-hub/server/storage/storage.go:92.2,92.22 1 3
github.com/Akicou/hf-local-hub/server/storage/storage.go:96.102,99.9 3 0
github.com/Akicou/hf-local-hub/server/storage/storage.go:99.9,101.3 1 0
github.com/Akicou/hf-local-hub/server/storage/storage.go:102.2,102.22 1 0
github.com/Akicou/hf-local-hub/server/storage/storage.go:106.64,108.16 2 0
github.com/Akicou/hf-local-hub/server/storage/storage.go:108.16,110.3 1 0
github.com/Akicou/hf-local-hub/server/storage/storage.go:111.2,114.47 3 0
github.com/Akicou/hf-local-hub/server/storage/storage.go:114.47,116.3 1 0
github.com/Akicou/hf-local-hub/server/storage/storage.go:118.2,118.47 1 0
github.com/Akicou/hf-local-hub/server/storage/storage.go:121.51,123.16 2 0
github.com/Akicou/hf-local-hub/server/storage/storage.go:123.16,125.3 1 0
github.com/Akicou/hf-local-hub/server/storage/storage.go:126.2,128.61 2 0
github.com/Akicou/hf-local-hub/server/storage/storage.go:128.61,130.3 1 0
github.com/Akicou/hf-local-hub/server/storage/storage.go:132.2,133.16 2 0
github.com/Akicou/hf-local-hub/server/storage/storage.go:133.16,135.3 1 0
github.com/Akicou/hf-local-hub/server/storage/storage.go:136.2,139.12 3 0
github.com/Akicou/hf-local-hub/server/storage/storage.go:142.61,143.62 1 1
github.com/Akicou/hf-local-hub/server/storage/storage.go:143.62,145.3 1 0
github.com/Akicou/hf-local-hub/server/storage/storage.go:146.2,146.39 1 1
github.com/Akicou/hf-local-hub/server/storage/storage.go:149.57,151.2 1 1
github.com/Akicou/hf-local-hub/server/storage/storage.go:153.48,156.2 2 2
github.com/Akicou/hf-local-hub/server/storage/storage.go:158.48,160.2 1 1
github.com/Akicou/hf-local-hub/server/storage/storage.go:162.80,166.83 3 0
github.com/Akicou/hf-local-hub/server/storage/storage.go:166.83,167.17 1 0
github.com/Akicou/hf-local-hub/server/storage/storage.go:167.17,169.4 1 0
github.com/Akicou/hf-local-hub/server/storage/storage.go:170.3,170.20 1 0
github.com/Akicou/hf-local-hub/server/storage/storage.go:170.20,172.4 1 0
github.com/Akicou/hf-local-hub/server/storage/storage.go:173.3,173.13 1 0
github.com/Akicou/hf-local-hub/server/storage/storage.go:176.2,176.18 1 0
github.com/Akicou/hf-local-hub/server/storage/storage.go:187.93,189.57 2 0
github.com/Akicou/hf-local-hub/server/storage/storage.go:189.57,191.3 1 0
github.com/Akicou/hf-local-hub/server/storage/storage.go:193.2,194.90 2 0
github.com/Akicou/hf-local-hub/server/storage/storage.go:194.90,195.17 1 0
github.com/Akicou/hf-local-hub/server/storage/storage.go:195.17,197.4 1 0
github.com/Akicou/hf-local-hub/server/storage/storage.go:198.3,199.21 2 0
github.com/Akicou/hf-local-hub/server/storage/storage.go:199.21,201.4 1 0
github.com/Akicou/hf-local-hub/server/storage/storage.go:203.3,211.20 2 0
github.com/Akicou/hf-local-hub/server/storage/storage.go:211.20,212.58 1 0
github.com/Akicou/hf-local-hub/server/storage/storage.go:212.58,214.5 1 0
github.com/Akicou/hf-local-hub/server/storage/storage.go:217.3,218.13 2 0
github.com/Akicou/hf-local-hub/server/storage/storage.go:220.2,220.19 1 0
github.com/Akicou/hf-local-hub/server/db/db.go:36.44,42.2 2 7
github.com/Akicou/hf-local-hub/server/db/db.go:45.54,49.18 3 8
github.com/Akicou/hf-local-hub/server/db/db.go:50.30,51.32 1 0
github.com/Akicou/hf-local-hub/server/db/db.go:52.26,53.28 1 8
github.com/Akicou/hf-local-hub/server/db/db.go:54.10,55.68 1 0
github.com/Akicou/hf-local-hub/server/db/db.go:58.2,58.16 1 8
github.com/Akicou/hf-local-hub/server/db/db.go:58.16,60.3 1 0
github.com/Akicou/hf-local-hub/server/db/db.go:63.2,70.16 1 8
github.com/Akicou/hf-local-hub/server/db/db.go:70.16,72.3 1 0
github.com/Akicou/hf-local-hub/server/db/db.go:75.2,76.16 2 8
github.com/Akicou/hf-local-hub/server/db/db.go:76.16,78.3 1 0
github.com/Akicou/hf-local-hub/server/db/db.go:81.2,81.40 1 8
github.com/Akicou/hf-local-hub/server/db/db.go:81.40,87.3 4 0
github.com/Akicou/hf-local-hub/server/db/db.go:87.8,92.3 4 8
github.com/Akicou/hf-local-hub/server/db/db.go:94.2,94.16 1 8
github.com/Akicou/hf-local-hub/server/db/db.go:98.48,100.28 1 8
github.com/Akicou/hf-local-hub/server/db/db.go:100.28,102.52 2 8
github.com/Akicou/hf-local-hub/server/db/db.go:102.52,103.44 1 8
github.com/Akicou/hf-local-hub/server/db/db.go:103.44,104.50 1 64
github.com/Akicou/hf-local-hub/server/db/db.go:104.50,106.11 2 8
github.com/Akicou/hf-local-hub/server/db/db.go:110.3,110.48 1 8
github.com/Akicou/hf-local-hub/server/db/db.go:110.48,112.4 1 0
github.com/Akicou/hf-local-hub/server/db/db.go:115.2,116.16 2 8
github.com/Akicou/hf-local-hub/server/db/db.go:116.16,118.3 1 0
github.com/Akicou/hf-local-hub/server/db/db.go:120.2,120.16 1 8
github.com/Akicou/hf-local-hub/server/db/db.go:124.52,126.19 2 0
github.com/Akicou/hf-local-hub/server/db/db.go:126.19,128.3 1 0
github.com/Akicou/hf-local-hub/server/db/db.go:130.2,136.16 3 0
github.com/Akicou/hf-local-hub/server/db/db.go:136.16,138.3 1 0
github.com/Akicou/hf-local-hub/server/db/db.go:141.2,142.16 2 0
github.com/Akicou/hf-local-hub/server/db/db.go:142.16,144.3 1 0
github.com/Akicou/hf-local-hub/server/db/db.go:146.2,146.37 1 0
github.com/Akicou/hf-local-hub/server/db/db.go:146.37,148.3 1 0
github.com/Akicou/hf-local-hub/server/db/db.go:150.2,150.16 1 0
github.com/Akicou/hf-local-hub/server/db/db.go:153.33,155.16 2 8
github.com/Akicou/hf-local-hub/server/db/db.go:155.16,157.3 1 0
github.com/Akicou/hf-local-hub/server/db/db.go:158.2,158.22 1 8
github.com/Akicou/hf-local-hub/server/db/db.go:164.57,165.38 1 0
github.com/Akicou/hf-local-hub/server/db/db.go:165.38,167.57 1 0
github.com/Akicou/hf-local-hub/server/db/db.go:167.57,169.4 1 0
github.com/Akicou/hf-local-hub/server/db/db.go:170.8,172.49 1 0
github.com/Akicou/hf-local-hub/server/db/db.go:172.49,174.4 1 0
github.com/Akicou/hf-local-hub/server/db/db.go:175.3,175.50 1 0
github.com/Akicou/hf-local-hub/server/db/db.go:175.50,177.4 1 0
github.com/Akicou/hf-local-hub/server/db/db.go:179.2,179.12 1 0
github.com/Akicou/hf-local-hub/server/db/db.go:183.52,185.16 2 0
github.com/Akicou/hf-local-hub/server/db/db.go:185.16,187.3 1 0
github.com/Akicou/hf-local-hub/server/db/db.go:189.2,190.20 2 0
github.com/Akicou/hf-local-hub/server/db/db.go:194.60,196.18 2 0
github.com/Akicou/hf-local-hub/server/db/db.go:196.18,198.3 1 0
github.com/Akicou/hf-local-hub/server/db/db.go:200.2,204.46 2 0
github.com/Akicou/hf-local-hub/server/db/db.go:204.46,207.56 3 0
github.com/Akicou/hf-local-hub/server/db/db.go:207.56,208.63 1 0
github.com/Akicou/hf-local-hub/server/db/db.go:208.63,210.5 1 0
github.com/Akicou/hf-local-hub/server/db/db.go:212.3,215.66 4 0
github.com/Akicou/hf-local-hub/server/db/db.go:216.8,218.3 1 0
github.com/Akicou/hf-local-hub/server/db/db.go:220.2,220.12 1 0
github.com/Akicou/hf-local-hub/server/db/db.go:223.55,224.42 1 0
github.com/Akicou/hf-local-hub/server/db/db.go:224.42,226.3 1 0
github.com/Akicou/hf-local-hub/server/db/db.go:227.2,227.21 1 0
github.com/Akicou/hf-local-hub/server/db/models.go:20.45,22.2 1 0
github.com/Akicou/hf-local-hub/server/db/models.go:24.29,25.7 1 0
github.com/Akicou/hf-local-hub/server/db/models.go:25.7,27.3 1 0
github.com/Akicou/hf-local-hub/server/db/models.go:28.2,28.16 1 0
github.com/Akicou/hf-local-hub/server/db/models.go:61.39,63.2 1 3
github.com/Akicou/hf-local-hub/server/db/models.go:100.37,101.24 1 3
github.com/Akicou/hf-local-hub/server/db/models.go:101.24,103.3 1 1
github.com/Akicou/hf-local-hub/server/db/models.go:104.2,104.39 1 2
github.com/Akicou/hf-local-hub/server/api/handlers.go:35.77,43.27 2 0
github.com/Akicou/hf-local-hub/server/api/handlers.go:43.27,45.3 1 0
github.com/Akicou/hf-local-hub/server/api/handlers.go:46.2,46.25 1 0
github.com/Akicou/hf-local-hub/server/api/handlers.go:46.25,48.3 1 0
github.com/Akicou/hf-local-hub/server/api/handlers.go:49.2,49.15 1 0
github.com/Akicou/hf-local-hub/server/api/handlers.go:52.41,54.2 1 1
github.com/Akicou/hf-local-hub/server/api/handlers.go:56.45,61.2 1 0
github.com/Akicou/hf-local-hub/server/api/handlers.go:63.42,64.25 1 0
github.com/Akicou/hf-local-hub/server/api/handlers.go:64.25,67.3 2 0
github.com/Akicou/hf-local-hub/server/api/handlers.go:68.2,68.23 1 0
github.com/Akicou/hf-local-hub/server/api/handlers.go:71.45,72.25 1 0
github.com/Akicou/hf-local-hub/server/api/handlers.go:72.25,75.3 2 0
github.com/Akicou/hf-local-hub/server/api/handlers.go:76.2,76.26 1 0
github.com/Akicou/hf-local-hub/server/api/handlers.go:79.44,80.27 1 0
github.com/Akicou/hf-local-hub/server/api/handlers.go:80.27,83.3 2 0
github.com/Akicou/hf-local-hub/server/api/handlers.go:84.2,88.47 2 0
github.com/Akicou/hf-local-hub/server/api/handlers.go:88.47,91.3 2 0
github.com/Akicou/hf-local-hub/server/api/handlers.go:92.2,93.16 2 0
github.com/Akicou/hf-local-hub/server/api/handlers.go:93.16,96.3 2 0
github.com/Akicou/hf-local-hub/server/api/handlers.go:99.2,102.16 3 0
github.com/Akicou/hf-local-hub/server/api/handlers.go:102.16,105.3 2 0
github.com/Akicou/hf-local-hub/server/api/handlers.go:106.2,106.97 1 0
github.com/Akicou/hf-local-hub/server/api/handlers.go:110.70,112.77 2 0
github.com/Akicou/hf-local-hub/server/api/handlers.go:112.77,121.3 2 0
github.com/Akicou/hf-local-hub/server/api/handlers.go:125.49,127.18 2 0
github.com/Akicou/hf-local-hub/server/api/handlers.go:127.18,130.3 2 0
github.com/Akicou/hf-local-hub/server/api/handlers.go:132.2,141.47 2 0
github.com/Akicou/hf-local-hub/server/api/handlers.go:141.47,144.3 2 0
github.com/Akicou/hf-local-hub/server/api/handlers.go:146.2,154.23 3 0
github.com/Akicou/hf-local-hub/server/api/handlers.go:154.23,157.3 2 0
github.com/Akicou/hf-local-hub/server/api/handlers.go:159.2,160.16 2 0
github.com/Akicou/hf-local-hub/server/api/handlers.go:160.16,164.3 3 0
github.com/Akicou/hf-local-hub/server/api/handlers.go:166.2,175.4 2 0
github.com/Akicou/hf-local-hub/server/api/handlers.go:179.48,181.18 2 0
github.com/Akicou/hf-local-hub/server/api/handlers.go:181.18,184.3 2 0
github.com/Akicou/hf-local-hub/server/api/handlers.go:186.2,187.16 2 0
github.com/Akicou/hf-local-hub/server/api/handlers.go:187.16,191.3 3 0
github.com/Akicou/hf-local-hub/server/api/handlers.go:194.2,204.27 3 0
github.com/Akicou/hf-local-hub/server/api/handlers.go:204.27,215.3 2 0
github.com/Akicou/hf-local-hub/server/api/handlers.go:217.2,217.50 1 0
github.com/Akicou/hf-local-hub/server/api/handlers.go:221.49,223.18 2 0
github.com/Akicou/hf-local-hub/server/api/handlers.go:223.18,226.3 2 0
github.com/Akicou/hf-local-hub/server/api/handlers.go:228.2,229.19 2 0
github.com/Akicou/hf-local-hub/server/api/handlers.go:229.19,232.3 2 0
github.com/Akicou/hf-local-hub/server/api/handlers.go:234.2,234.63 1 0
github.com/Akicou/hf-local-hub/server/api/handlers.go:234.63,235.39 1 0
github.com/Akicou/hf-local-hub/server/api/handlers.go:235.39,238.4 2 0
github.com/Akicou/hf-local-hub/server/api/handlers.go:239.3,241.9 3 0
github.com/Akicou/hf-local-hub/server/api/handlers.go:244.2,245.58 2 0
github.com/Akicou/hf-local-hub/server/api/handlers.go:249.49,253.18 3 0
github.com/Akicou/hf-local-hub/server/api/handlers.go:253.18,256.3 2 0
github.com/Akicou/hf-local-hub/server/api/handlers.go:259.2,261.77 3 0
github.com/Akicou/hf-local-hub/server/api/handlers.go:261.77,263.3 1 0
github.com/Akicou/hf-local-hub/server/api/handlers.go:265.2,270.16 2 0
github.com/Akicou/hf-local-hub/server/api/handlers.go:270.16,274.3 3 0
github.com/Akicou/hf-local-hub/server/api/handlers.go:276.2,276.33 1 0
github.com/Akicou/hf-local-hub/server/api/handlers.go:279.45,290.47 2 2
github.com/Akicou/hf-local-hub/server/api/handlers.go:290.47,293.3 2 0
github.com/Akicou/hf-local-hub/server/api/handlers.go:296.2,296.20 1 2
github.com/Akicou/hf-local-hub/server/api/handlers.go:296.20,298.3 1 0
github.com/Akicou/hf-local-hub/server/api/handlers.go:299.2,299.20 1 2
github.com/Akicou/hf-local-hub/server/api/handlers.go:299.20,301.3 1 0
github.com/Akicou/hf-local-hub/server/api/handlers.go:304.2,304.51 1 2
github.com/Akicou/hf-local-hub/server/api/handlers.go:304.51,306.3 1 0
github.com/Akicou/hf-local-hub/server/api/handlers.go:309.2,309.65 1 2
github.com/Akicou/hf-local-hub/server/api/handlers.go:309.65,311.22 2 0
github.com/Akicou/hf-local-hub/server/api/handlers.go:311.22,312.27 1 0
github.com/Akicou/hf-local-hub/server/api/handlers.go:312.27,314.5 1 0
github.com/Akicou/hf-local-hub/server/api/handlers.go:315.4,315.22 1 0
github.com/Akicou/hf-local-hub/server/api/handlers.go:315.22,317.5 1 0
github.com/Akicou/hf-local-hub/server/api/handlers.go:318.9,318.29 1 0
github.com/Akicou/hf-local-hub/server/api/handlers.go:318.29,320.22 1 0
github.com/Akicou/hf-local-hub/server/api/handlers.go:320.22,322.5 1 0
github.com/Akicou/hf-local-hub/server/api/handlers.go:323.4,323.27 1 0
github.com/Akicou/hf-local-hub/server/api/handlers.go:323.27,325.28 2 0
github.com/Akicou/hf-local-hub/server/api/handlers.go:325.28,327.6 1 0
github.com/Akicou/hf-local-hub/server/api/handlers.go:333.2,333.43 1 2
github.com/Akicou/hf-local-hub/server/api/handlers.go:333.43,336.3 2 0
github.com/Akicou/hf-local-hub/server/api/handlers.go:339.2,339.22 1 2
github.com/Akicou/hf-local-hub/server/api/handlers.go:339.22,341.3 1 0
github.com/Akicou/hf-local-hub/server/api/handlers.go:343.2,351.49 2 2
github.com/Akicou/hf-local-hub/server/api/handlers.go:351.49,354.3 2 0
github.com/Akicou/hf-local-hub/server/api/handlers.go:356.2,356.99 1 2
github.com/Akicou/hf-local-hub/server/api/handlers.go:356.99,360.3 3 0
github.com/Akicou/hf-local-hub/server/api/handlers.go:362.2,371.4 1 2
github.com/Akicou/hf-local-hub/server/api/handlers.go:374.44,377.76 3 1
github.com/Akicou/hf-local-hub/server/api/handlers.go:377.76,380.3 2 0
github.com/Akicou/hf-local-hub/server/api/handlers.go:381.2,381.30 1 1
github.com/Akicou/hf-local-hub/server/api/handlers.go:384.45,386.2 1 1
github.com/Akicou/hf-local-hub/server/api/handlers.go:388.47,391.2 2 0
github.com/Akicou/hf-local-hub/server/api/handlers.go:393.42,396.77 3 0
github.com/Akicou/hf-local-hub/server/api/handlers.go:396.77,399.3 2 0
github.com/Akicou/hf-local-hub/server/api/handlers.go:400.2,400.29 1 0
github.com/Akicou/hf-local-hub/server/api/handlers.go:403.44,406.77 3 0
github.com/Akicou/hf-local-hub/server/api/handlers.go:406.77,409.3 2 0
github.com/Akicou/hf-local-hub/server/api/handlers.go:410.2,411.16 2 0
github.com/Akicou/hf-local-hub/server/api/handlers.go:411.16,414.3 2 0
github.com/Akicou/hf-local-hub/server/api/handlers.go:415.2,415.18 1 0
github.com/Akicou/hf-local-hub/server/api/handlers.go:415.18,417.3 1 0
github.com/Akicou/hf-local-hub/server/api/handlers.go:418.2,418.67 1 0
github.com/Akicou/hf-local-hub/server/api/handlers.go:421.43,423.52 2 0
github.com/Akicou/hf-local-hub/server/api/handlers.go:423.52,426.3 2 0
github.com/Akicou/hf-local-hub/server/api/handlers.go:427.2,428.77 2 0
github.com/Akicou/hf-local-hub/server/api/handlers.go:428.77,431.3 2 0
github.com/Akicou/hf-local-hub/server/api/handlers.go:433.2,443.26 4 0
github.com/Akicou/hf-local-hub/server/api/handlers.go:443.26,445.15 2 0
github.com/Akicou/hf-local-hub/server/api/handlers.go:445.15,447.4 1 0
github.com/Akicou/hf-local-hub/server/api/handlers.go:448.3,454.5 2 0
github.com/Akicou/hf-local-hub/server/api/handlers.go:457.2,458.16 2 0
github.com/Akicou/hf-local-hub/server/api/handlers.go:458.16,461.3 2 0
github.com/Akicou/hf-local-hub/server/api/handlers.go:462.2,465.16 3 0
github.com/Akicou/hf-local-hub/server/api/handlers.go:465.16,468.3 2 0
github.com/Akicou/hf-local-hub/server/api/handlers.go:470.2,471.16 2 0
github.com/Akicou/hf-local-hub/server/api/handlers.go:471.16,474.3 2 0
github.com/Akicou/hf-local-hub/server/api/handlers.go:476.2,497.53 3 0
github.com/Akicou/hf-local-hub/server/api/handlers.go:497.53,500.3 2 0
github.com/Akicou/hf-local-hub/server/api/handlers.go:503.34,504.12 1 0
github.com/Akicou/hf-local-hub/server/api/handlers.go:504.12,506.3 1 0
github.com/Akicou/hf-local-hub/server/api/handlers.go:507.2,510.36 4 0
github.com/Akicou/hf-local-hub/server/api/handlers.go:510.36,513.3 2 0
github.com/Akicou/hf-local-hub/server/api/handlers.go:514.2,514.44 1 0
github.com/Akicou/hf-local-hub/server/api/handlers.go:517.46,523.77 5 0
github.com/Akicou/hf-local-hub/server/api/handlers.go:523.77,526.3 2 0
github.com/Akicou/hf-local-hub/server/api/handlers.go:528.2,529.37 2 0
github.com/Akicou/hf-local-hub/server/api/handlers.go:529.37,532.3 2 0
github.com/Akicou/hf-local-hub/server/api/handlers.go:534.2,534.18 1 0
github.com/Akicou/hf-local-hub/server/api/handlers.go:537.44,541.77 3 0
github.com/Akicou/hf-local-hub/server/api/handlers.go:541.77,544.3 2 0
github.com/Akicou/hf-local-hub/server/api/handlers.go:546.2,546.68 1 0
github.com/Akicou/hf-local-hub/server/api/handlers.go:549.41,562.47 3 0
github.com/Akicou/hf-local-hub/server/api/handlers.go:562.47,565.3 2 0
github.com/Akicou/hf-local-hub/server/api/handlers.go:567.2,573.51 2 0
github.com/Akicou/hf-local-hub/server/api/handlers.go:573.51,576.3 2 0
github.com/Akicou/hf-local-hub/server/api/handlers.go:578.2,578.30 1 0
github.com/Akicou/hf-local-hub/server/api/handlers.go:578.30,587.55 2 0
github.com/Akicou/hf-local-hub/server/api/handlers.go:587.55,589.4 1 0
github.com/Akicou/hf-local-hub/server/api/handlers.go:592.2,592.36 1 0
github.com/Akicou/hf-local-hub/server/api/handlers.go:635.43,639.47 3 0
github.com/Akicou/hf-local-hub/server/api/handlers.go:639.47,642.3 2 0
github.com/Akicou/hf-local-hub/server/api/handlers.go:644.2,645.77 2 0
github.com/Akicou/hf-local-hub/server/api/handlers.go:645.77,648.3 2 0
github.com/Akicou/hf-local-hub/server/api/handlers.go:650.2,655.34 2 0
github.com/Akicou/hf-local-hub/server/api/handlers.go:655.34,663.34 3 0
github.com/Akicou/hf-local-hub/server/api/handlers.go:663.34,664.37 1 0
github.com/Akicou/hf-local-hub/server/api/handlers.go:664.37,666.77 1 0
github.com/Akicou/hf-local-hub/server/api/handlers.go:666.77,672.6 1 0
github.com/Akicou/hf-local-hub/server/api/handlers.go:672.11,677.6 1 0
github.com/Akicou/hf-local-hub/server/api/handlers.go:678.10,683.5 1 0
github.com/Akicou/hf-local-hub/server/api/handlers.go:684.9,684.39 1 0
github.com/Akicou/hf-local-hub/server/api/handlers.go:684.39,694.4 1 0
github.com/Akicou/hf-local-hub/server/api/handlers.go:696.3,696.55 1 0
github.com/Akicou/hf-local-hub/server/api/handlers.go:699.2,699.33 1 0
github.com/Akicou/hf-local-hub/server/api/handlers.go:702.50,707.77 4 0
github.com/Akicou/hf-local-hub/server/api/handlers.go:707.77,710.3 2 0
github.com/Akicou/hf-local-hub/server/api/handlers.go:713.2,714.16 2 0
github.com/Akicou/hf-local-hub/server/api/handlers.go:714.16,717.3 2 0
github.com/Akicou/hf-local-hub/server/api/handlers.go:720.2,724.26 3 0
github.com/Akicou/hf-local-hub/server/api/handlers.go:724.26,727.3 2 0
github.com/Akicou/hf-local-hub/server/api/handlers.go:730.2,731.67 2 0
github.com/Akicou/hf-local-hub/server/api/handlers.go:731.67,734.3 2 0
github.com/Akicou/hf-local-hub/server/api/handlers.go:736.2,736.58 1 0
github.com/Akicou/hf-local-hub/server/api/handlers.go:736.58,739.3 2 0
github.com/Akicou/hf-local-hub/server/api/handlers.go:741.2,744.4 1 0
github.com/Akicou/hf-local-hub/server/api/handlers.go:747.52,752.77 4 0
github.com/Akicou/hf-local-hub/server/api/handlers.go:752.77,755.3 2 0
github.com/Akicou/hf-local-hub/server/api/handlers.go:757.2,758.36 2 0
github.com/Akicou/hf-local-hub/server/api/handlers.go:758.36,761.3 2 0
github.com/Akicou/hf-local-hub/server/api/handlers.go:763.2,763.17 1 0
github.com/Akicou/hf-local-hub/server/api/handlers.go:766.42,770.15 3 0
github.com/Akicou/hf-local-hub/server/api/handlers.go:770.15,773.3 2 0
github.com/Akicou/hf-local-hub/server/api/handlers.go:775.2,776.77 2 0
github.com/Akicou/hf-local-hub/server/api/handlers.go:776.77,779.3 2 0
github.com/Akicou/hf-local-hub/server/api/handlers.go:781.2,782.36 2 0
github.com/Akicou/hf-local-hub/server/api/handlers.go:782.36,785.3 2 0
github.com/Akicou/hf-local-hub/server/api/handlers.go:787.2,788.16 2 0
github.com/Akicou/hf-local-hub/server/api/handlers.go:788.16,791.3 2 0
github.com/Akicou/hf-local-hub/server/api/handlers.go:793.2,797.4 1 0
github.com/Akicou/hf-local-hub/server/api/handlers.go:800.45,805.77 4 0
github.com/Akicou/hf-local-hub/server/api/handlers.go:805.77,808.3 2 0
github.com/Akicou/hf-local-hub/server/api/handlers.go:810.2,811.16 2 0
github.com/Akicou/hf-local-hub/server/api/handlers.go:811.16,814.3 2 0
github.com/Akicou/hf-local-hub/server/api/handlers.go:816.2,816.42 1 0
github.com/Akicou/hf-local-hub/server/api/handlers.go:816.42,819.3 2 0
github.com/Akicou/hf-local-hub/server/api/handlers.go:821.2,822.16 2 0
github.com/Akicou/hf-local-hub/server/api/handlers.go:822.16,823.52 1 0
github.com/Akicou/hf-local-hub/server/api/handlers.go:823.52,826.4 2 0
github.com/Akicou/hf-local-hub/server/api/handlers.go:829.2,830.20 2 0
github.com/Akicou/hf-local-hub/server/api/handlers.go:830.20,832.3 1 0
github.com/Akicou/hf-local-hub/server/api/handlers.go:834.2,835.70 2 0
github.com/Akicou/hf-local-hub/server/api/handlers.go:835.70,839.3 3 0
github.com/Akicou/hf-local-hub/server/api/handlers.go:841.2,841.61 1 0
github.com/Akicou/hf-local-hub/server/api/handlers.go:841.61,845.3 3 0
github.com/Akicou/hf-local-hub/server/api/handlers.go:848.2,849.16 2 0
github.com/Akicou/hf-local-hub/server/api/handlers.go:849.16,853.3 3 0
github.com/Akicou/hf-local-hub/server/api/handlers.go:854.2,857.46 3 0
github.com/Akicou/hf-local-hub/server/api/handlers.go:857.46,861.3 3 0
github.com/Akicou/hf-local-hub/server/api/handlers.go:862.2,874.4 3 0
github.com/Akicou/hf-local-hub/server/api/handlers.go:885.51,890.77 4 0
github.com/Akicou/hf-local-hub/server/api/handlers.go:890.77,893.3 2 0
github.com/Akicou/hf-local-hub/server/api/handlers.go:895.2,896.51 2 0
github.com/Akicou/hf-local-hub/server/api/handlers.go:896.51,899.3 2 0
github.com/Akicou/hf-local-hub/server/api/handlers.go:902.2,903.36 2 0
github.com/Akicou/hf-local-hub/server/api/handlers.go:903.36,906.3 2 0
github.com/Akicou/hf-local-hub/server/api/handlers.go:909.2,910.20 2 0
github.com/Akicou/hf-local-hub/server/api/handlers.go:910.20,912.3 1 0
github.com/Akicou/hf-local-hub/server/api/handlers.go:914.2,918.70 3 0
github.com/Akicou/hf-local-hub/server/api/handlers.go:918.70,921.3 2 0
github.com/Akicou/hf-local-hub/server/api/handlers.go:923.2,923.79 1 0
github.com/Akicou/hf-local-hub/server/api/handlers.go:923.79,926.3 2 0
github.com/Akicou/hf-local-hub/server/api/handlers.go:928.2,928.61 1 0
github.com/Akicou/hf-local-hub/server/api/handlers.go:932.41,935.18 2 0
github.com/Akicou/hf-local-hub/server/api/handlers.go:935.18,944.3 2 0
github.com/Akicou/hf-local-hub/server/api/handlers.go:947.2,947.38 1 0
github.com/Akicou/hf-local-hub/server/api/handlers.go:950.41,953.2 1 0
github.com/Akicou/hf-local-hub/server/api/handlers.go:956.45,960.77 3 0
github.com/Akicou/hf-local-hub/server/api/handlers.go:960.77,963.3 2 0
github.com/Akicou/hf-local-hub/server/api/handlers.go:966.2,966.49 1 0
github.com/Akicou/hf-local-hub/server/api/handlers.go:966.49,969.3 2 0
github.com/Akicou/hf-local-hub/server/api/handlers.go:972.2,973.47 2 0
github.com/Akicou/hf-local-hub/server/api/handlers.go:973.47,975.3 1 0
github.com/Akicou/hf-local-hub/server/api/handlers.go:977.2,978.63 2 0
github.com/Akicou/hf-local-hub/server/api/router.go:11.44,16.29 3 0
github.com/Akicou/hf-local-hub/server/api/router.go:16.29,21.36 4 0
github.com/Akicou/hf-local-hub/server/api/router.go:21.36,24.4 2 0
github.com/Akicou/hf-local-hub/server/api/router.go:25.3,25.11 1 0
github.com/Akicou/hf-local-hub/server/api/router.go:29.2,34.2 4 0
github.com/Akicou/hf-local-hub/server/api/router.go:34.2,38.3 3 0
github.com/Akicou/hf-local-hub/server/api/router.go:41.2,45.34 3 0
github.com/Akicou/hf-local-hub/server/api/router.go:45.34,47.3 1 0
github.com/Akicou/hf-local-hub/server/api/router.go:50.2,52.2 3 0
github.com/Akicou/hf-local-hub/server/api/router.go:52.2,58.3 3 0
github.com/Akicou/hf-local-hub/server/api/router.go:58.3,62.4 3 0
github.com/Akicou/hf-local-hub/server/api/router.go:65.3,66.3 2 0
github.com/Akicou/hf-local-hub/server/api/router.go:66.3,78.4 10 0
github.com/Akicou/hf-local-hub/server/api/router.go:81.3,82.3 2 0
github.com/Akicou/hf-local-hub/server/api/router.go:82.3,96.4 12 0
github.com/Akicou/hf-local-hub/server/api/router.go:99.3,100.3 2 0
github.com/Akicou/hf-local-hub/server/api/router.go:100.3,112.4 10 0
github.com/Akicou/hf-local-hub/server/api/router.go:117.2,122.10 3 0
github.com/Akicou/hf-local-hub/server/main.go:22.13,26.16 3 0
github.com/Akicou/hf-local-hub/server/main.go:26.16,28.3 1 0
github.com/Akicou/hf-local-hub/server/main.go:29.2,29.15 1 0
github.com/Akicou/hf-local-hub/server/main.go:29.15,29.36 1 0
github.com/Akicou/hf-local-hub/server/main.go:31.2,31.29 1 0
github.com/Akicou/hf-local-hub/server/main.go:31.29,33.17 2 0
github.com/Akicou/hf-local-hub/server/main.go:33.17,35.4 1 0
github.com/Akicou/hf-local-hub/server/main.go:38.2,46.37 3 0
github.com/Akicou/hf-local-hub/server/main.go:46.37,57.3 2 0
github.com/Akicou/hf-local-hub/server/main.go:57.8,60.3 1 0
github.com/Akicou/hf-local-hub/server/main.go:62.2,62.16 1 0
github.com/Akicou/hf-local-hub/server/main.go:62.16,64.3 1 0
github.com/Akicou/hf-local-hub/server/main.go:65.2,65.15 1 0
github.com/Akicou/hf-local-hub/server/main.go:65.15,66.46 1 0
github.com/Akicou/hf-local-hub/server/main.go:66.46,68.4 1 0
github.com/Akicou/hf-local-hub/server/main.go:71.2,75.27 4 0
github.com/Akicou/hf-local-hub/server/main.go:75.27,82.3 3 0
github.com/Akicou/hf-local-hub/server/main.go:84.2,84.65 1 0
github.com/Akicou/hf-local-hub/server/main.go:84.65,94.3 3 0
github.com/Akicou/hf-local-hub/server/main.go:96.2,109.12 4 0
github.com/Akicou/hf-local-hub/server/main.go:109.12,111.77 2 0
github.com/Akicou/hf-local-hub/server/main.go:111.77,113.4 1 0
github.com/Akicou/hf-local-hub/server/main.go:117.2,125.42 5 0
github.com/Akicou/hf-local-hub/server/main.go:125.42,127.3 1 0
github.com/Akicou/hf-local-hub/server/main.go:130.2,130.24 1 0
github.com/Akicou/hf-local-hub/server/main.go:130.24,132.3 1 0
github.com/Akicou/hf-local-hub/server/main.go:134.2,134.31 1 0
github.com/Akicou/hf-local-hub/server/ui/embed.go:12.17,14.2 1 0
github.com/Akicou/hf-local-hub/server/middleware/limits.go:30.59,31.16 1 0
github.com/Akicou/hf-local-hub/server/middleware/limits.go:31.16,33.3 1 0
github.com/Akicou/hf-local-hub/server/middleware/limits.go:35.2,35.24 1 0
github.com/Akicou/hf-local-hub/server/middleware/limits.go:35.24,39.3 3 0
github.com/Akicou/hf-local-hub/server/middleware/limits.go:41.2,42.34 2 0
github.com/Akicou/hf-local-hub/server/middleware/limits.go:42.34,44.3 1 0
github.com/Akicou/hf-local-hub/server/middleware/limits.go:46.2,49.24 3 0
github.com/Akicou/hf-local-hub/server/middleware/limits.go:49.24,53.3 3 0
github.com/Akicou/hf-local-hub/server/middleware/limits.go:55.2,55.15 1 0
github.com/Akicou/hf-local-hub/server/middleware/limits.go:58.45,60.2 1 0
github.com/Akicou/hf-local-hub/server/middleware/limits.go:62.54,63.30 1 0
github.com/Akicou/hf-local-hub/server/middleware/limits.go:63.30,64.51 1 0
github.com/Akicou/hf-local-hub/server/middleware/limits.go:64.51,68.4 3 0
github.com/Akicou/hf-local-hub/server/middleware/limits.go:70.3,70.28 1 0
github.com/Akicou/hf-local-hub/server/middleware/limits.go:70.28,76.4 1 0
github.com/Akicou/hf-local-hub/server/middleware/limits.go:78.3,81.63 2 0
github.com/Akicou/hf-local-hub/server/middleware/limits.go:81.63,82.27 1 0
github.com/Akicou/hf-local-hub/server/middleware/limits.go:82.27,84.5 1 0
github.com/Akicou/hf-local-hub/server/middleware/ratelimit.go:25.61,38.2 4 0
github.com/Akicou/hf-local-hub/server/middleware/ratelimit.go:41.38,45.6 3 0
github.com/Akicou/hf-local-hub/server/middleware/ratelimit.go:45.6,46.10 1 0
github.com/Akicou/hf-local-hub/server/middleware/ratelimit.go:47.19,48.16 1 0
github.com/Akicou/hf-local-hub/server/middleware/ratelimit.go:49.23,50.10 1 0
github.com/Akicou/hf-local-hub/server/middleware/ratelimit.go:56.34,63.31 5 0
github.com/Akicou/hf-local-hub/server/middleware/ratelimit.go:63.31,64.46 1 0
github.com/Akicou/hf-local-hub/server/middleware/ratelimit.go:64.46,66.4 1 0
github.com/Akicou/hf-local-hub/server/middleware/ratelimit.go:70.60,75.13 4 0
github.com/Akicou/hf-local-hub/server/middleware/ratelimit.go:75.13,82.3 3 0
github.com/Akicou/hf-local-hub/server/middleware/ratelimit.go:84.2,85.21 2 0
github.com/Akicou/hf-local-hub/server/middleware/ratelimit.go:88.53,89.30 1 0
github.com/Akicou/hf-local-hub/server/middleware/ratelimit.go:89.30,91.17 2 0
github.com/Akicou/hf-local-hub/server/middleware/ratelimit.go:91.17,93.4 1 0
github.com/Akicou/hf-local-hub/server/middleware/ratelimit.go:95.3,96.23 2 0
github.com/Akicou/hf-local-hub/server/middleware/ratelimit.go:96.23,100.4 3 0
github.com/Akicou/hf-local-hub/server/middleware/ratelimit.go:102.3,102.11 1 0
github.com/Akicou/hf-local-hub/server/middleware/ratelimit.go:107.31,109.2 1 0
github.com/Akicou/hf-local-hub/server/config/config.go:16.20,30.29 4 0
github.com/Akicou/hf-local-hub/server/config/config.go:30.29,32.17 2 0
github.com/Akicou/hf-local-hub/server/config/config.go:32.17,33.12 1 0
github.com/Akicou/hf-local-hub/server/config/config.go:37.3,37.58 1 0
github.com/Akicou/hf-local-hub/server/config/config.go:37.58,40.50 2 0
github.com/Akicou/hf-local-hub/server/config/config.go:40.50,41.13 1 0
github.com/Akicou/hf-local-hub/server/config/config.go:45.4,45.48 1 0
github.com/Akicou/hf-local-hub/server/config/config.go:45.48,53.48 4 0
github.com/Akicou/hf-local-hub/server/config/config.go:53.48,55.6 1 0
github.com/Akicou/hf-local-hub/server/config/config.go:58.3,58.8 1 0
github.com/Akicou/hf-local-hub/server/config/config.go:62.13,64.2 1 0
github.com/Akicou/hf-local-hub/server/config/config.go:122.21,174.2 38 0
github.com/Akicou/hf-local-hub/server/config/config.go:176.34,177.52 1 0
github.com/Akicou/hf-local-hub/server/config/config.go:177.52,178.47 1 0
github.com/Akicou/hf-local-hub/server/config/config.go:178.47,180.4 1 0
github.com/Akicou/hf-local-hub/server/config/config.go:182.2,182.54 1 0
github.com/Akicou/hf-local-hub/server/config/config.go:182.54,184.3 1 0
github.com/Akicou/hf-local-hub/server/config/config.go:185.2,185.59 1 0
github.com/Akicou/hf-local-hub/server/config/config.go:185.59,187.3 1 0
github.com/Akicou/hf-local-hub/server/config/config.go:188.2,188.62 1 0
github.com/Akicou/hf-local-hub/server/config/config.go:188.62,190.3 1 0
github.com/Akicou/hf-local-hub/server/config/config.go:193.2,193.59 1 0
github.com/Akicou/hf-local-hub/server/config/config.go:193.59,195.3 1 0
github.com/Akicou/hf-local-hub/server/config/config.go:196.2,196.59 1 0
github.com/Akicou/hf-local-hub/server/config/config.go:196.59,198.3 1 0
github.com/Akicou/hf-local-hub/server/config/config.go:199.2,199.55 1 0
github.com/Akicou/hf-local-hub/server/config/config.go:199.55,201.3 1 0
github.com/Akicou/hf-local-hub/server/config/config.go:202.2,202.55 1 0
github.com/Akicou/hf-local-hub/server/config/config.go:202.55,203.47 1 0
github.com/Akicou/hf-local-hub/server/config/config.go:203.47,205.4 1 0
github.com/Akicou/hf-local-hub/server/config/config.go:207.2,207.55 1 0
github.com/Akicou/hf-local-hub/server/config/config.go:207.55,209.3 1 0
github.com/Akicou/hf-local-hub/server/config/config.go:210.2,210.59 1 0
github.com/Akicou/hf-local-hub/server/config/config.go:210.59,212.3 1 0
github.com/Akicou/hf-local-hub/server/config/config.go:213.2,213.51 1 0
github.com/Akicou/hf-local-hub/server/config/config.go:213.51,215.3 1 0
github.com/Akicou/hf-local-hub/server/config/config.go:216.2,216.64 1 0
github.com/Akicou/hf-local-hub/server/config/config.go:216.64,218.3 1 0
github.com/Akicou/hf-local-hub/server/config/config.go:220.2,220.45 1 0
github.com/Akicou/hf-local-hub/server/config/config.go:220.45,222.3 1 0
github.com/Akicou/hf-local-hub/server/config/config.go:223.2,223.56 1 0
github.com/Akicou/hf-local-hub/server/config/config.go:223.56,225.3 1 0
github.com/Akicou/hf-local-hub/server/config/config.go:226.2,226.68 1 0
github.com/Akicou/hf-local-hub/server/config/config.go:226.68,228.3 1 0
github.com/Akicou/hf-local-hub/server/config/config.go:229.2,229.61 1 0
github.com/Akicou/hf-local-hub/server/config/config.go:229.61,231.3 1 0
github.com/Akicou/hf-local-hub/server/config/config.go:232.2,232.47 1 0
github.com/Akicou/hf-local-hub/server/config/config.go:232.47,234.3 1 0
github.com/Akicou/hf-local-hub/server/config/config.go:235.2,235.63 1 0
github.com/Akicou/hf-local-hub/server/config/config.go:235.63,237.3 1 0
github.com/Akicou/hf-local-hub/server/config/config.go:238.2,238.57 1 0
github.com/Akicou/hf-local-hub/server/config/config.go:238.57,239.47 1 0
github.com/Akicou/hf-local-hub/server/config/config.go:239.47,241.4 1 0
github.com/Akicou/hf-local-hub/server/config/config.go:243.2,243.56 1 0
github.com/Akicou/hf-local-hub/server/config/config.go:243.56,245.3 1 0
github.com/Akicou/hf-local-hub/server/config/config.go:246.2,246.62 1 0
github.com/Akicou/hf-local-hub/server/config/config.go:246.62,248.3 1 0
github.com/Akicou/hf-local-hub/server/config/config.go:249.2,249.60 1 0
github.com/Akicou/hf-local-hub/server/config/config.go:249.60,251.3 1 0
github.com/Akicou/hf-local-hub/server/config/config.go:252.2,252.63 1 0
github.com/Akicou/hf-local-hub/server/config/config.go:252.63,254.3 1 0
github.com/Akicou/hf-local-hub/server/config/config.go:255.2,255.62 1 0
github.com/Akicou/hf-local-hub/server/config/config.go:255.62,257.3 1 0
github.com/Akicou/hf-local-hub/server/config/config.go:258.2,258.64 1 0
github.com/Akicou/hf-local-hub/server/config/config.go:258.64,260.3 1 0
github.com/Akicou/hf-local-hub/server/config/config.go:261.2,261.62 1 0
github.com/Akicou/hf-local-hub/server/config/config.go:261.62,263.3 1 0
github.com/Akicou/hf-local-hub/server/config/config.go:264.2,264.61 1 0
github.com/Akicou/hf-local-hub/server/config/config.go:264.61,265.59 1 0
github.com/Akicou/hf-local-hub/server/config/config.go:265.59,267.4 1 0
github.com/Akicou/hf-local-hub/server/config/config.go:269.2,269.61 1 0
github.com/Akicou/hf-local-hub/server/config/config.go:269.61,270.59 1 0
github.com/Akicou/hf-local-hub/server/config/config.go:270.59,272.4 1 0
github.com/Akicou/hf-local-hub/server/config/config.go:274.2,274.64 1 0
github.com/Akicou/hf-local-hub/server/config/config.go:274.64,275.59 1 0
github.com/Akicou/hf-local-hub/server/config/config.go:275.59,277.4 1 0
github.com/Akicou/hf-local-hub/server/config/config.go:279.2,279.69 1 0
github.com/Akicou/hf-local-hub/server/config/config.go:279.69,280.56 1 0
github.com/Akicou/hf-local-hub/server/config/config.go:280.56,282.4 1 0
github.com/Akicou/hf-local-hub/server/config/config.go:284.2,284.48 1 0
github.com/Akicou/hf-local-hub/server/config/config.go:284.48,286.3 1 0
github.com/Akicou/hf-local-hub/server/config/config.go:287.2,287.60 1 0
github.com/Akicou/hf-local-hub/server/config/config.go:287.60,288.46 1 0
github.com/Akicou/hf-local-hub/server/config/config.go:288.46,290.4 1 0
github.com/Akicou/hf-local-hub/server/config/config.go:292.2,292.66 1 0
github.com/Akicou/hf-local-hub/server/config/config.go:292.66,293.48 1 0
github.com/Akicou/hf-local-hub/server/config/config.go:293.48,295.4 1 0
github.com/Akicou/hf-local-hub/server/config/config.go:299.34,300.62 1 0
github.com/Akicou/hf-local-hub/server/config/config.go:300.62,302.3 1 0
github.com/Akicou/hf-local-hub/server/config/config.go:303.2,303.34 1 0
github.com/Akicou/hf-local-hub/server/config/config.go:303.34,305.3 1 0
github.com/Akicou/hf-local-hub/server/config/config.go:306.2,306.36 1 0
github.com/Akicou/hf-local-hub/server/config/config.go:306.36,308.3 1 0
github.com/Akicou/hf-local-hub/server/config/config.go:309.2,309.34 1 0
github.com/Akicou/hf-local-hub/server/config/config.go:309.34,311.3 1 0
github.com/Akicou/hf-local-hub/server/config/config.go:315.45,317.44 2 0
github.com/Akicou/hf-local-hub/server/config/config.go:317.44,319.3 1 0
github.com/Akicou/hf-local-hub/server/config/config.go:320.2,320.39 1 0
github.com/Akicou/hf-local-hub/server/config/config.go:323.35,324.30 1 0
github.com/Akicou/hf-local-hub/server/config/config.go:324.30,328.17 2 0
github.com/Akicou/hf-local-hub/server/config/config.go:328.17,331.4 2 0
github.com/Akicou/hf-local-hub/server/config/config.go:331.9,334.4 2 0
github.com/Akicou/hf-local-hub/server/auth/auth.go:29.69,34.2 1 0
github.com/Akicou/hf-local-hub/server/auth/auth.go:37.49,38.30 1 0
github.com/Akicou/hf-local-hub/server/auth/auth.go:38.30,40.23 2 0
github.com/Akicou/hf-local-hub/server/auth/auth.go:40.23,44.4 3 0
github.com/Akicou/hf-local-hub/server/auth/auth.go:47.3,48.17 2 0
github.com/Akicou/hf-local-hub/server/auth/auth.go:48.17,52.4 3 0
github.com/Akicou/hf-local-hub/server/auth/auth.go:55.3,56.17 2 0
github.com/Akicou/hf-local-hub/server/auth/auth.go:56.17,63.4 6 0
github.com/Akicou/hf-local-hub/server/auth/auth.go:66.3,67.17 2 0
github.com/Akicou/hf-local-hub/server/auth/auth.go:67.17,75.4 7 0
github.com/Akicou/hf-local-hub/server/auth/auth.go:77.3,78.12 2 0
github.com/Akicou/hf-local-hub/server/auth/auth.go:83.49,84.30 1 0
github.com/Akicou/hf-local-hub/server/auth/auth.go:84.30,86.23 2 0
github.com/Akicou/hf-local-hub/server/auth/auth.go:86.23,89.4 2 0
github.com/Akicou/hf-local-hub/server/auth/auth.go:91.3,92.17 2 0
github.com/Akicou/hf-local-hub/server/auth/auth.go:92.17,95.4 2 0
github.com/Akicou/hf-local-hub/server/auth/auth.go:98.3,99.17 2 0
github.com/Akicou/hf-local-hub/server/auth/auth.go:99.17,106.4 6 0
github.com/Akicou/hf-local-hub/server/auth/auth.go:109.3,110.17 2 0
github.com/Akicou/hf-local-hub/server/auth/auth.go:110.17,116.4 5 0
github.com/Akicou/hf-local-hub/server/auth/auth.go:118.3,118.11 1 0
github.com/Akicou/hf-local-hub/server/auth/auth.go:123.75,124.30 1 0
github.com/Akicou/hf-local-hub/server/auth/auth.go:124.30,127.34 2 0
github.com/Akicou/hf-local-hub/server/auth/auth.go:127.34,131.4 2 0
github.com/Akicou/hf-local-hub/server/auth/auth.go:134.3,135.14 2 0
github.com/Akicou/hf-local-hub/server/auth/auth.go:135.14,139.4 3 0
github.com/Akicou/hf-local-hub/server/auth/auth.go:141.3,142.10 2 0
github.com/Akicou/hf-local-hub/server/auth/auth.go:142.10,146.4 3 0
github.com/Akicou/hf-local-hub/server/auth/auth.go:149.3,150.21 2 0
github.com/Akicou/hf-local-hub/server/auth/auth.go:151.15,152.30 1 0
github.com/Akicou/hf-local-hub/server/auth/auth.go:153.16,154.31 1 0
github.com/Akicou/hf-local-hub/server/auth/auth.go:155.17,156.32 1 0
github.com/Akicou/hf-local-hub/server/auth/auth.go:157.16,158.31 1 0
github.com/Akicou/hf-local-hub/server/auth/auth.go:161.3,161.21 1 0
github.com/Akicou/hf-local-hub/server/auth/auth.go:161.21,165.4 3 0
github.com/Akicou/hf-local-hub/server/auth/auth.go:167.3,167.11 1 0
github.com/Akicou/hf-local-hub/server/auth/auth.go:172.87,185.2 3 0
github.com/Akicou/hf-local-hub/server/auth/auth.go:188.71,190.16 2 0
github.com/Akicou/hf-local-hub/server/auth/auth.go:190.16,192.3 1 0
github.com/Akicou/hf-local-hub/server/auth/auth.go:193.2,193.73 1 0
github.com/Akicou/hf-local-hub/server/auth/auth.go:197.137,200.49 2 0
github.com/Akicou/hf-local-hub/server/auth/auth.go:200.49,202.3 1 0
github.com/Akicou/hf-local-hub/server/auth/auth.go:203.2,207.16 3 0
github.com/Akicou/hf-local-hub/server/auth/auth.go:207.16,209.3 1 0
github.com/Akicou/hf-local-hub/server/auth/auth.go:211.2,219.52 2 0
github.com/Akicou/hf-local-hub/server/auth/auth.go:219.52,221.3 1 0
github.com/Akicou/hf-local-hub/server/auth/auth.go:223.2,223.22 1 0
github.com/Akicou/hf-local-hub/server/auth/auth.go:227.74,229.78 2 0
github.com/Akicou/hf-local-hub/server/auth/auth.go:229.78,231.3 1 0
github.com/Akicou/hf-local-hub/server/auth/auth.go:232.2,232.20 1 0
github.com/Akicou/hf-local-hub/server/auth/auth.go:236.67,238.25 2 0
github.com/Akicou/hf-local-hub/server/auth/auth.go:238.25,240.3 1 0
github.com/Akicou/hf-local-hub/server/auth/auth.go:241.2,241.30 1 0
github.com/Akicou/hf-local-hub/server/auth/auth.go:241.30,243.3 1 0
github.com/Akicou/hf-local-hub/server/auth/auth.go:244.2,244.12 1 0
github.com/Akicou/hf-local-hub/server/auth/auth.go:247.54,249.45 2 0
github.com/Akicou/hf-local-hub/server/auth/auth.go:249.45,251.3 1 0
github.com/Akicou/hf-local-hub/server/auth/auth.go:252.2,252.22 1 0
github.com/Akicou/hf-local-hub/server/auth/auth.go:255.76,256.100 1 0
github.com/Akicou/hf-local-hub/server/auth/auth.go:256.100,258.3 1 0
github.com/Akicou/hf-local-hub/server/auth/auth.go:260.2,260.16 1 0
github.com/Akicou/hf-local-hub/server/auth/auth.go:260.16,262.3 1 0
github.com/Akicou/hf-local-hub/server/auth/auth.go:264.2,264.61 1 0
github.com/Akicou/hf-local-hub/server/auth/auth.go:264.61,266.3 1 0
github.com/Akicou/hf-local-hub/server/auth/auth.go:268.2,268.41 1 0
github.com/Akicou/hf-local-hub/server/auth/auth.go:271.103,273.84 2 0
github.com/Akicou/hf-local-hub/server/auth/auth.go:273.84,275.3 1 0
github.com/Akicou/hf-local-hub/server/auth/auth.go:278.2,278.26 1 0
github.com/Akicou/hf-local-hub/server/auth/auth.go:278.26,280.3 1 0
github.com/Akicou/hf-local-hub/server/auth/auth.go:283.2,284.77 2 0
github.com/Akicou/hf-local-hub/server/auth/auth.go:284.77,286.3 1 0
github.com/Akicou/hf-local-hub/server/auth/auth.go:289.2,293.31 4 0
github.com/Akicou/hf-local-hub/server/auth/auth.go:297.39,298.48 1 0
github.com/Akicou/hf-local-hub/server/auth/auth.go:298.48,299.36 1 0
github.com/Akicou/hf-local-hub/server/auth/auth.go:299.36,301.4 1 0
github.com/Akicou/hf-local-hub/server/auth/auth.go:303.2,303.11 1 0
github.com/Akicou/hf-local-hub/server/auth/auth.go:307.41,308.51 1 0
github.com/Akicou/hf-local-hub/server/auth/auth.go:308.51,309.40 1 0
github.com/Akicou/hf-local-hub/server/auth/auth.go:309.40,311.4 1 0
github.com/Akicou/hf-local-hub/server/auth/auth.go:313.2,313.11 1 0
github.com/Akicou/hf-local-hub/server/auth/hf_oauth.go:40.133,63.2 4 0
github.com/Akicou/hf-local-hub/server/auth/hf_oauth.go:66.45,70.21 3 0
github.com/Akicou/hf-local-hub/server/auth/hf_oauth.go:70.21,72.26 2 0
github.com/Akicou/hf-local-hub/server/auth/hf_oauth.go:72.26,74.4 1 0
github.com/Akicou/hf-local-hub/server/auth/hf_oauth.go:74.9,74.37 1 0
github.com/Akicou/hf-local-hub/server/auth/hf_oauth.go:74.37,76.4 1 0
github.com/Akicou/hf-local-hub/server/auth/hf_oauth.go:81.44,92.54 3 0
github.com/Akicou/hf-local-hub/server/auth/hf_oauth.go:92.54,96.3 3 0
github.com/Akicou/hf-local-hub/server/auth/hf_oauth.go:98.2,99.47 2 0
github.com/Akicou/hf-local-hub/server/auth/hf_oauth.go:103.47,109.129 4 0
github.com/Akicou/hf-local-hub/server/auth/hf_oauth.go:109.129,113.3 3 0
github.com/Akicou/hf-local-hub/server/auth/hf_oauth.go:116.2,116.28 1 0
github.com/Akicou/hf-local-hub/server/auth/hf_oauth.go:116.28,121.3 4 0
github.com/Akicou/hf-local-hub/server/auth/hf_oauth.go:124.2,125.53 2 0
github.com/Akicou/hf-local-hub/server/auth/hf_oauth.go:125.53,127.3 1 0
github.com/Akicou/hf-local-hub/server/auth/hf_oauth.go:129.2,130.16 2 0
github.com/Akicou/hf-local-hub/server/auth/hf_oauth.go:130.16,134.3 3 0
github.com/Akicou/hf-local-hub/server/auth/hf_oauth.go:136.2,137.16 2 0
github.com/Akicou/hf-local-hub/server/auth/hf_oauth.go:137.16,141.3 3 0
github.com/Akicou/hf-local-hub/server/auth/hf_oauth.go:143.2,150.16 5 0
github.com/Akicou/hf-local-hub/server/auth/hf_oauth.go:150.16,154.3 3 0
github.com/Akicou/hf-local-hub/server/auth/hf_oauth.go:156.2,158.67 2 0
github.com/Akicou/hf-local-hub/server/auth/hf_oauth.go:162.81,164.77 2 0
github.com/Akicou/hf-local-hub/server/auth/hf_oauth.go:164.77,173.50 2 0
github.com/Akicou/hf-local-hub/server/auth/hf_oauth.go:173.50,175.4 1 0
github.com/Akicou/hf-local-hub/server/auth/hf_oauth.go:175.9,177.4 1 0
github.com/Akicou/hf-local-hub/server/auth/hf_oauth.go:178.8,181.32 2 0
github.com/Akicou/hf-local-hub/server/auth/hf_oauth.go:181.32,184.4 2 0
github.com/Akicou/hf-local-hub/server/auth/hf_oauth.go:185.3,185.41 1 0
github.com/Akicou/hf-local-hub/server/auth/hf_oauth.go:185.41,188.4 2 0
github.com/Akicou/hf-local-hub/server/auth/hf_oauth.go:189.3,189.18 1 0
github.com/Akicou/hf-local-hub/server/auth/hf_oauth.go:189.18,191.4 1 0
github.com/Akicou/hf-local-hub/server/auth/hf_oauth.go:195.86,198.16 2 0
github.com/Akicou/hf-local-hub/server/auth/hf_oauth.go:198.16,200.3 1 0
github.com/Akicou/hf-local-hub/server/auth/hf_oauth.go:202.2,207.16 5 0
github.com/Akicou/hf-local-hub/server/auth/hf_oauth.go:207.16,209.3 1 0
github.com/Akicou/hf-local-hub/server/auth/hf_oauth.go:210.2,212.38 2 0
github.com/Akicou/hf-local-hub/server/auth/hf_oauth.go:212.38,215.3 2 0
github.com/Akicou/hf-local-hub/server/auth/hf_oauth.go:217.2,218.16 2 0
github.com/Akicou/hf-local-hub/server/auth/hf_oauth.go:218.16,220.3 1 0
github.com/Akicou/hf-local-hub/server/auth/hf_oauth.go:222.2,223.54 2 0
github.com/Akicou/hf-local-hub/server/auth/hf_oauth.go:223.54,225.3 1 0
github.com/Akicou/hf-local-hub/server/auth/hf_oauth.go:228.2,229.18 2 0
github.com/Akicou/hf-local-hub/server/auth/hf_oauth.go:229.18,231.3 1 0
github.com/Akicou/hf-local-hub/server/auth/hf_oauth.go:234.2,235.23 2 0
github.com/Akicou/hf-local-hub/server/auth/hf_oauth.go:235.23,237.3 1 0
github.com/Akicou/hf-local-hub/server/auth/hf_oauth.go:239.2,245.8 1 0
github.com/Akicou/hf-local-hub/server/auth/hf_oauth.go:248.29,250.40 2 0
github.com/Akicou/hf-local-hub/server/auth/hf_oauth.go:250.40,252.3 1 0
github.com/Akicou/hf-local-hub/server/auth/hf_oauth.go:253.2,253.45 1 0
github.com/Akicou/hf-local-hub/server/auth/ldap.go:18.102,27.2 1 0
github.com/Akicou/hf-local-hub/server/auth/ldap.go:29.80,31.16 2 0
github.com/Akicou/hf-local-hub/server/auth/ldap.go:31.16,33.3 1 0
github.com/Akicou/hf-local-hub/server/auth/ldap.go:34.2,37.16 3 0
github.com/Akicou/hf-local-hub/server/auth/ldap.go:37.16,39.3 1 0
github.com/Akicou/hf-local-hub/server/auth/ldap.go:41.2,52.16 3 0
github.com/Akicou/hf-local-hub/server/auth/ldap.go:52.16,54.3 1 0
github.com/Akicou/hf-local-hub/server/auth/ldap.go:56.2,56.36 1 0
github.com/Akicou/hf-local-hub/server/auth/ldap.go:56.36,58.3 1 0
github.com/Akicou/hf-local-hub/server/auth/ldap.go:60.2,63.16 3 0
github.com/Akicou/hf-local-hub/server/auth/ldap.go:63.16,65.3 1 0
github.com/Akicou/hf-local-hub/server/auth/ldap.go:67.2,68.18 2 0
github.com/Akicou/hf-local-hub/server/auth/ldap.go:68.18,70.3 1 0
github.com/Akicou/hf-local-hub/server/auth/ldap.go:72.2,72.20 1 0
github.com/Akicou/hf-local-hub/server/auth/ldap.go:75.86,77.16 2 0
github.com/Akicou/hf-local-hub/server/auth/ldap.go:77.16,79.3 1 0
github.com/Akicou/hf-local-hub/server/auth/ldap.go:80.2,83.16 3 0
github.com/Akicou/hf-local-hub/server/auth/ldap.go:83.16,85.3 1 0
github.com/Akicou/hf-local-hub/server/auth/ldap.go:87.2,98.16 3 0
github.com/Akicou/hf-local-hub/server/auth/ldap.go:98.16,100.3 1 0
github.com/Akicou/hf-local-hub/server/auth/ldap.go:102.2,102.36 1 0
github.com/Akicou/hf-local-hub/server/auth/ldap.go:102.36,104.3 1 0
github.com/Akicou/hf-local-hub/server/auth/ldap.go:106.2,107.58 2 0
github.com/Akicou/hf-local-hub/server/auth/ldap.go:107.58,108.27 1 0
github.com/Akicou/hf-local-hub/server/auth/ldap.go:108.27,110.4 1 0
github.com/Akicou/hf-local-hub/server/auth/ldap.go:113.2,113.19 1 0
